<?xml version="1.0" encoding="UTF-8"?>
<!-- Generated by org.testng.reporters.JUnitReportReporter -->
<testsuite hostname="Voldemort" failures="0" tests="1" name="stepDefination.RegistrationTestNG" time="13.319" errors="0" timestamp="2025-07-13T18:09:49 IST" skipped="0">
  <testcase classname="stepDefination.RegistrationTestNG" name="testRegistration" time="13.319"/>
</testsuite> <!-- stepDefination.RegistrationTestNG -->
