<?xml version="1.0" encoding="UTF-8"?>
<!-- Generated by org.testng.reporters.JUnitReportReporter -->
<testsuite hostname="Voldemort" failures="0" tests="1" name="setpDefinations.RegistrationTestNG" time="14.431" errors="0" timestamp="2025-07-13T16:30:29 IST" skipped="0">
  <testcase classname="setpDefinations.RegistrationTestNG" name="testRegistration" time="14.431"/>
</testsuite> <!-- setpDefinations.RegistrationTestNG -->
